TN:
SF:/mnt/j/github/redux-persist-transform-compress-encrypt/dist/index.js
FN:2,(anonymous_1)
FN:11,createCompressEncryptTransform
FNF:2
FNH:2
FNDA:4,(anonymous_1)
FNDA:6,createCompressEncryptTransform
DA:2,1
DA:3,4
DA:5,1
DA:6,1
DA:7,1
DA:8,1
DA:9,1
DA:10,1
DA:11,1
DA:12,6
DA:13,0
DA:14,6
DA:15,6
DA:16,0
DA:17,6
DA:18,0
DA:19,6
DA:21,1
DA:22,6
DA:23,5
DA:24,5
DA:25,5
DA:26,2
DA:27,3
DA:28,3
DA:29,3
DA:32,2
DA:33,2
DA:34,2
DA:37,6
DA:38,5
DA:39,5
DA:40,2
DA:41,2
DA:42,2
DA:44,3
DA:45,3
DA:46,3
DA:47,3
DA:50,0
DA:51,0
DA:52,0
DA:55,6
LF:43
LH:37
BRDA:2,1,0,1
BRDA:2,1,1,1
BRDA:2,1,2,1
BRDA:3,2,0,0
BRDA:3,2,1,4
BRDA:3,3,0,4
BRDA:3,3,1,4
BRDA:12,4,0,0
BRDA:12,4,1,6
BRDA:15,5,0,0
BRDA:15,5,1,6
BRDA:15,6,0,6
BRDA:15,6,1,6
BRDA:17,7,0,0
BRDA:17,7,1,6
BRDA:17,8,0,6
BRDA:17,8,1,6
BRDA:25,9,0,2
BRDA:25,9,1,3
BRDA:33,10,0,2
BRDA:33,10,1,0
BRDA:39,11,0,2
BRDA:39,11,1,3
BRDA:41,12,0,2
BRDA:41,12,1,0
BRDA:51,13,0,0
BRDA:51,13,1,0
BRF:27
BRH:19
end_of_record
