TN:
SF:/mnt/j/github/redux-persist-transform-compress-encrypt/dist/index.js
FN:2,(anonymous_1)
FN:11,createCompressEncryptTransform
FN:22,(anonymous_3)
FN:22,(anonymous_4)
FN:38,(anonymous_5)
FN:38,(anonymous_6)
FN:56,(anonymous_7)
FNF:7
FNH:7
FNDA:4,(anonymous_1)
FNDA:7,createCompressEncryptTransform
FNDA:4,(anonymous_3)
FNDA:3,(anonymous_4)
FNDA:4,(anonymous_5)
FNDA:4,(anonymous_6)
FNDA:5,(anonymous_7)
DA:2,1
DA:3,4
DA:5,1
DA:6,1
DA:7,1
DA:8,1
DA:9,1
DA:10,1
DA:11,1
DA:12,7
DA:13,1
DA:14,6
DA:15,6
DA:16,1
DA:17,5
DA:18,1
DA:19,4
DA:21,1
DA:22,4
DA:23,3
DA:24,3
DA:25,3
DA:26,1
DA:28,2
DA:29,2
DA:30,2
DA:33,0
DA:34,0
DA:35,0
DA:38,4
DA:39,4
DA:40,4
DA:41,2
DA:42,2
DA:43,2
DA:45,2
DA:46,2
DA:47,2
DA:48,2
DA:51,0
DA:52,0
DA:53,0
DA:56,5
LF:43
LH:37
BRDA:2,1,0,1
BRDA:2,1,1,1
BRDA:2,1,2,1
BRDA:3,2,0,0
BRDA:3,2,1,4
BRDA:3,3,0,4
BRDA:3,3,1,4
BRDA:12,4,0,1
BRDA:12,4,1,6
BRDA:15,5,0,1
BRDA:15,5,1,5
BRDA:15,6,0,6
BRDA:15,6,1,5
BRDA:17,7,0,1
BRDA:17,7,1,4
BRDA:17,8,0,5
BRDA:17,8,1,5
BRDA:25,9,0,1
BRDA:25,9,1,2
BRDA:34,10,0,0
BRDA:34,10,1,0
BRDA:40,11,0,2
BRDA:40,11,1,2
BRDA:42,12,0,2
BRDA:42,12,1,0
BRDA:52,13,0,0
BRDA:52,13,1,0
BRF:27
BRH:21
end_of_record
